## 测试下pgsql联合索引字段的先后顺序对查询效率的影响



#### 测试


首先，表结构
````
-- auto-generated definition
create table test
(
    id            bigserial                                          not null
        constraint test_pk
            primary key,
    enterprise_id bigint                                             not null,
    code_id       bigint                                             not null,
    name          text                                               not null,
    created_at    timestamp with time zone default CURRENT_TIMESTAMP not null
);


create unique index test_code_id_name_uindex
    on test (code_id, name);

create index test_enterprise_id_index
    on test (enterprise_id);

````

批量插入

````
do $$
declare
v_idx integer := 1;
begin
  while v_idx < 2000000 loop
       v_idx = v_idx+1;
    insert into test.test (enterprise_id ,code_id,name) values ( random()*(2000000-10)+10, random()*(20000-10)+10, random()*(20000000000000000-10)+10);
  end loop;
end $$;
````

插入了一千万条数据 

````
SELECT COUNT(1) FROM test

10200010
````

开始实验，两个索引的效率

````

EXPLAIN  SELECT * FROM test WHERE  enterprise_id=1999978 and  code_id =13398

INSERT INTO "MY_TABLE"("QUERY PLAN") VALUES ('Index Scan using test_enterprise_id_index on test  (cost=0.43..28.55 rows=1 width=49)');
INSERT INTO "MY_TABLE"("QUERY PLAN") VALUES ('  Index Cond: (enterprise_id = 1999978)');
INSERT INTO "MY_TABLE"("QUERY PLAN") VALUES ('  Filter: (code_id = 13398)');

EXPLAIN ANALYZE  SELECT * FROM test.test WHERE  enterprise_id=1999978 and  code_id =13398

INSERT INTO "MY_TABLE"("QUERY PLAN") VALUES ('Index Scan using test_enterprise_id_index on test  (cost=0.43..28.55 rows=1 width=49) (actual time=0.019..0.025 rows=1 loops=1)');
INSERT INTO "MY_TABLE"("QUERY PLAN") VALUES ('  Index Cond: (enterprise_id = 1999978)');
INSERT INTO "MY_TABLE"("QUERY PLAN") VALUES ('  Filter: (code_id = 13398)');
INSERT INTO "MY_TABLE"("QUERY PLAN") VALUES ('  Rows Removed by Filter: 4');
INSERT INTO "MY_TABLE"("QUERY PLAN") VALUES ('Planning time: 0.113 ms');
INSERT INTO "MY_TABLE"("QUERY PLAN") VALUES ('Execution time: 0.047 ms');

````

更改索引使用一个索引来维护

````
create unique index test_code_id_enterprise_id_name_uindex
    on test (code_id, enterprise_id, name);
````


````
EXPLAIN ANALYZE  SELECT * FROM test.test WHERE  enterprise_id=1999978 and  code_id =13398

INSERT INTO "MY_TABLE"("QUERY PLAN") VALUES ('Index Scan using test_code_id_enterprise_id_name_uindex on test  (cost=0.56..8.58 rows=1 width=49) (actual time=0.018..0.019 rows=1 loops=1)');
INSERT INTO "MY_TABLE"("QUERY PLAN") VALUES ('  Index Cond: ((code_id = 13398) AND (enterprise_id = 1999978))');
INSERT INTO "MY_TABLE"("QUERY PLAN") VALUES ('Planning time: 0.089 ms');
INSERT INTO "MY_TABLE"("QUERY PLAN") VALUES ('Execution time: 0.039 ms');
````


尝试下一个所以不同的索引书顺序

enterpriseId在前面
````
EXPLAIN ANALYZE  SELECT * FROM test.test WHERE  enterprise_id=1999978 and  code_id =13398

INSERT INTO "MY_TABLE"("QUERY PLAN") VALUES ('Index Scan using test_enterprise_id_code_id_name_uindex on test  (cost=0.56..8.58 rows=1 width=49) (actual time=0.019..0.020 rows=1 loops=1)');
INSERT INTO "MY_TABLE"("QUERY PLAN") VALUES ('  Index Cond: ((enterprise_id = 1999978) AND (code_id = 13398))');
INSERT INTO "MY_TABLE"("QUERY PLAN") VALUES ('Planning time: 0.090 ms');
INSERT INTO "MY_TABLE"("QUERY PLAN") VALUES ('Execution time: 0.038 ms');


EXPLAIN   SELECT * FROM test.test WHERE  enterprise_id=1999978 and  code_id =13398;

INSERT INTO "MY_TABLE"("QUERY PLAN") VALUES ('Index Scan using test_enterprise_id_code_id_name_uindex on test  (cost=0.56..8.58 rows=1 width=49)');
INSERT INTO "MY_TABLE"("QUERY PLAN") VALUES ('  Index Cond: ((enterprise_id = 1999978) AND (code_id = 13398))');


explain(ANALYZE,VERBOSE,BUFFERS,SUMMARY )   SELECT * FROM test.test WHERE  enterprise_id=1999978 and  code_id =13398;

INSERT INTO "MY_TABLE"("QUERY PLAN") VALUES ('Index Scan using test_enterprise_id_code_id_name_uindex on test.test  (cost=0.56..8.58 rows=1 width=49) (actual time=0.018..0.019 rows=1 loops=1)');
INSERT INTO "MY_TABLE"("QUERY PLAN") VALUES ('  Output: id, enterprise_id, code_id, name, created_at');
INSERT INTO "MY_TABLE"("QUERY PLAN") VALUES ('  Index Cond: ((test.enterprise_id = 1999978) AND (test.code_id = 13398))');
INSERT INTO "MY_TABLE"("QUERY PLAN") VALUES ('  Buffers: shared hit=5');
INSERT INTO "MY_TABLE"("QUERY PLAN") VALUES ('Planning time: 0.092 ms');
INSERT INTO "MY_TABLE"("QUERY PLAN") VALUES ('Execution time: 0.039 ms');



````
放到后面

````
EXPLAIN ANALYZE  SELECT * FROM test.test WHERE  enterprise_id=1999978 and  code_id =13398

INSERT INTO "MY_TABLE"("QUERY PLAN") VALUES ('Index Scan using test_code_id_enterprise_id_name_uindex on test  (cost=0.56..8.58 rows=1 width=49) (actual time=0.018..0.019 rows=1 loops=1)');
INSERT INTO "MY_TABLE"("QUERY PLAN") VALUES ('  Index Cond: ((code_id = 13398) AND (enterprise_id = 1999978))');
INSERT INTO "MY_TABLE"("QUERY PLAN") VALUES ('Planning time: 0.088 ms');
INSERT INTO "MY_TABLE"("QUERY PLAN") VALUES ('Execution time: 0.038 ms');


EXPLAIN   SELECT * FROM test.test WHERE  enterprise_id=1999978 and  code_id =13398;

INSERT INTO "MY_TABLE"("QUERY PLAN") VALUES ('Index Scan using test_code_id_enterprise_id_name_uindex on test  (cost=0.56..8.58 rows=1 width=49)');
INSERT INTO "MY_TABLE"("QUERY PLAN") VALUES ('  Index Cond: ((code_id = 13398) AND (enterprise_id = 1999978))');


explain(ANALYZE,VERBOSE,BUFFERS)   SELECT * FROM test.test WHERE  enterprise_id=1999978 and  code_id =13398;

INSERT INTO "MY_TABLE"("QUERY PLAN") VALUES ('Index Scan using test_code_id_enterprise_id_name_uindex on test.test  (cost=0.56..8.58 rows=1 width=49) (actual time=0.018..0.019 rows=1 loops=1)');
INSERT INTO "MY_TABLE"("QUERY PLAN") VALUES ('  Output: id, enterprise_id, code_id, name, created_at');
INSERT INTO "MY_TABLE"("QUERY PLAN") VALUES ('  Index Cond: ((test.code_id = 13398) AND (test.enterprise_id = 1999978))');
INSERT INTO "MY_TABLE"("QUERY PLAN") VALUES ('  Buffers: shared hit=5');
INSERT INTO "MY_TABLE"("QUERY PLAN") VALUES ('Planning time: 0.090 ms');
INSERT INTO "MY_TABLE"("QUERY PLAN") VALUES ('Execution time: 0.038 ms');



````










